<?xml version="1.0" encoding="UTF-8"?>
<!-- Generated by org.testng.reporters.JUnitReportReporter -->
<testsuite skipped="0" hostname="SIDD" name="TestNGClasses.UserLogin" tests="3" failures="0" timestamp="2020-01-09T11:40:00 IST" time="115.876" errors="0">
  <testcase name="normal_user_login" time="7.685" classname="TestNGClasses.UserLogin"/>
  <testcase name="ReadData" time="28.451" classname="TestNGClasses.UserLogin"/>
  <testcase name="SelectandValidateMarket" time="79.740" classname="TestNGClasses.UserLogin"/>
</testsuite> <!-- TestNGClasses.UserLogin -->
