<?xml version="1.0" encoding="UTF-8"?>
<!-- Generated by org.testng.reporters.JUnitReportReporter -->
<testsuite skipped="0" hostname="SIDD" name="TestNGClasses.UserLogin" tests="3" failures="0" timestamp="2020-01-13T14:58:42 IST" time="118.928" errors="0">
  <testcase name="normal_user_login" time="7.147" classname="TestNGClasses.UserLogin"/>
  <testcase name="ReadData" time="31.373" classname="TestNGClasses.UserLogin"/>
  <testcase name="SelectandValidateMarket" time="80.408" classname="TestNGClasses.UserLogin"/>
</testsuite> <!-- TestNGClasses.UserLogin -->
